<?xml version="1.0" encoding="UTF-8"?>
<!-- Generated by org.testng.reporters.JUnitReportReporter -->
<testsuite hostname="LAPTOP-Q8828B7T" failures="0" tests="1" name="kitePomUsingTestNg.ValidateKiteAppUsername" time="4.483" errors="0" timestamp="2022-07-08T20:02:41 IST" skipped="0">
  <testcase classname="kitePomUsingTestNg.ValidateKiteAppUsername" name="ValidateUserName" time="4.483"/>
  <system-out>
    <![CDATA[Actual and Expected UN TC PASSED ]]>
  </system-out>
</testsuite> <!-- kitePomUsingTestNg.ValidateKiteAppUsername -->
